********************************************************************************
DUPLICATOR-LITE PACKAGE-LOG: October 8, 2019 8:13 am
NOTICE: Do NOT post to public sites or forums 
********************************************************************************
VERSION:	1.3.22
WORDPRESS:	5.2.3
PHP INFO:	7.1.12 | SAPI: apache2handler
SERVER:		Apache/2.2.34 (Unix) mod_wsgi/3.5 Python/2.7.13 PHP/7.1.12 mod_ssl/2.2.34 OpenSSL/1.0.2j DAV/2 mod_fastcgi/2.4.6 mod_perl/2.0.9 Perl/v5.24.0 
PHP TIME LIMIT: (0) no time limit imposed 
PHP MAX MEMORY: 4294967296 (128M default) 
MEMORY STACK: 8MB

********************************************************************************
DATABASE:
********************************************************************************
BUILD MODE:   PHP(query limit - 100)
MYSQLTIMEOUT: 5000
MYSQLDUMP:    Not Supported
TABLES: total:39 | filtered:0 | create:39
FILTERED: []
SQL CREATED: 20191008_magicalbeehive_a1df4d5a90bbe2e18107_20191008081249_database.sql
SQL FILE SIZE: 960.38KB (983426)
SQL FILE TIME: 2019-10-08 08:13:18
SQL RUNTIME: 0.35 sec.

********************************************************************************
ARCHIVE (ZIP):
********************************************************************************
ARCHIVE DIR:  /Applications/MAMP/htdocs/magicalbeehive
ARCHIVE FILE: 20191008_magicalbeehive_a1df4d5a90bbe2e18107_20191008081249_archive.zip
FILTERS: *OFF*
DIRS:
	not set
FILES:
	not set
EXTS:  not set
----------------------------------------
COMPRESSING
SIZE:	215.72MB
STATS:	Dirs 3,384 | Files 25,660
SQL ADDED: 20191008_magicalbeehive_a1df4d5a90bbe2e18107_20191008081249_database.sql
ZipArchive Object
(
    [status] => 0
    [statusSys] => 0
    [numFiles] => 29044
    [filename] => /Applications/MAMP/htdocs/magicalbeehive/wp-snapshots/tmp/20191008_magicalbeehive_a1df4d5a90bbe2e18107_20191008081249_archive.zip
    [comment] => 
)

FILE ADDED TO ZIP: 29043
COMPRESSION RESULT: '1'
COMPRESSED SIZE: 80.4MB
ARCHIVE RUNTIME: 49.38 sec.
MEMORY STACK: 18.04MB
building installer
add_extra_files1
add_extra_files2
add_extra_files3
add_extra_files4
Doing archive file check
add_extra_files5
add_extra_files6
add_extra_files8
Successfully opened zip /Applications/MAMP/htdocs/magicalbeehive/wp-snapshots/tmp/20191008_magicalbeehive_a1df4d5a90bbe2e18107_20191008081249_archive.zip
Adding enhanced installer files to archive using ZipArchive
Installer files added to archive
Added to archive
After ziparchive close when adding installer

********************************************************************************
INTEGRITY CHECKS:
********************************************************************************
SQL FILE: 960.38KB
INSTALLER FILE: 60.53KB
ARCHIVE FILE: 81.88MB 
EXPECTED FILE/DIRECTORY COUNT: 29,044
ACTUAL FILE/DIRECTORY COUNT: 29,043
ARCHIVE CONSISTENCY TEST: Pass

********************************************************************************
RECORD ID:[1]
TOTAL PROCESS RUNTIME: 66.17 sec.
PEAK PHP MEMORY USED: 24.04MB
DONE PROCESSING => 20191008_magicalbeehive October 8, 2019 8:14 am

